make --dry-run --always-make --keep-going --print-directory
make: Entering directory `/Users/nercnom/Desktop/school21-main-/ray_tracing'
echo "\033[0;32m\n\
	░██████╗██╗███╗░░░███╗██████╗░██╗░░░░░██╗░░░██╗  ████████╗██╗░░██╗███████╗  ██████╗░███████╗░██████╗████████╗\n\
	██╔════╝██║████╗░████║██╔══██╗██║░░░░░╚██╗░██╔╝  ╚══██╔══╝██║░░██║██╔════╝  ██╔══██╗██╔════╝██╔════╝╚══██╔══╝\n\
	╚█████╗░██║██╔████╔██║██████╔╝██║░░░░░░╚████╔╝░  ░░░██║░░░███████║█████╗░░  ██████╦╝█████╗░░╚█████╗░░░░██║░░░\n\
	░╚═══██╗██║██║╚██╔╝██║██╔═══╝░██║░░░░░░░╚██╔╝░░  ░░░██║░░░██╔══██║██╔══╝░░  ██╔══██╗██╔══╝░░░╚═══██╗░░░██║░░░\n\
	██████╔╝██║██║░╚═╝░██║██║░░░░░███████╗░░░██║░░░  ░░░██║░░░██║░░██║███████╗  ██████╦╝███████╗██████╔╝░░░██║░░░\n\
 
	╚═════╝░╚═╝╚═╝░░░░░╚═╝╚═╝░░░░░╚══════╝░░░╚═╝░░░  ░░░╚═╝░░░╚═╝░░╚═╝╚══════╝  ╚═════╝░╚══════╝╚═════╝░░░░╚═╝░░░\n\
\n\
	██╗░░██╗░█████╗░██████╗░██████╗░  ███╗░░░███╗██╗░░░██╗██╗░░░░░████████╗██╗░░░░░░██████╗░\n\
	██║░░██║██╔══██╗██╔══██╗██╔══██╗  ████╗░████║██║░░░██║██║░░░░░╚══██╔══╝██║░░░░░░██╔══██╗\n\
	███████║███████║██████╔╝██║░░██║  ██╔████╔██║██║░░░██║██║░░░░░░░░██║░░░██║█████╗██║░░██║\n\
	██╔══██║██╔══██║██╔══██╗██║░░██║  ██║╚██╔╝██║██║░░░██║██║░░░░░░░░██║░░░██║╚════╝██║░░██║\n\
	██║░░██║██║░░██║██║░░██║██████╔╝  ██║░╚═╝░██║╚██████╔╝███████╗░░░██║░░░██║░░░░░░██████╔╝\n\
	╚═╝░░╚═╝╚═╝░░╚═╝╚═╝░░╚═╝╚═════╝░  ╚═╝░░░░░╚═╝░╚═════╝░╚══════╝░░░╚═╝░░░╚═╝░░░░░░╚═════╝░\n\
\n\
	██████╗░░█████╗░██╗░░░██╗░░░░░░████████╗██████╗░░█████╗░░█████╗░██╗███╗░░██╗░██████╗░\n\
	██╔══██╗██╔══██╗╚██╗░██╔╝░░░░░░╚══██╔══╝██╔══██╗██╔══██╗██╔══██╗██║████╗░██║██╔════╝░\n\
	██████╔╝███████║░╚████╔╝░█████╗░░░██║░░░██████╔╝███████║██║░░╚═╝██║██╔██╗██║██║░░██╗░\n\
	██╔══██╗██╔══██║░░╚██╔╝░░╚════╝░░░██║░░░██╔══██╗██╔══██║██║░░██╗██║██║╚████║██║░░╚██╗\n\
	██║░░██║██║░░██║░░░██║░░░░░░░░░░░░██║░░░██║░░██║██║░░██║╚█████╔╝██║██║░╚███║╚██████╔╝\n\
	╚═╝░░╚═╝╚═╝░░╚═╝░░░╚═╝░░░░░░░░░░░░╚═╝░░░╚═╝░░╚═╝╚═╝░░╚═╝░╚════╝░╚═╝╚═╝░░╚══╝░╚═════╝░\n\
\n\
	███╗░░░███╗░█████╗░████████╗██╗░░██╗███████╗██████╗░  ██╗░░░░░░█████╗░██╗░░░██╗███████╗██████╗░  ██████╗░██╗░░░██╗\n\
	████╗░████║██╔══██╗╚══██╔══╝██║░░██║██╔════╝██╔══██╗  ██║░░░░░██╔══██╗██║░░░██║██╔════╝██╔══██╗  ██╔══██╗╚██╗░██╔╝\n\
	██╔████╔██║██║░░██║░░░██║░░░███████║█████╗░░██████╔╝  ██║░░░░░██║░░██║╚██╗░██╔╝█████╗░░██████╔╝  ██████╦╝░╚████╔╝░\n\
	██║╚██╔╝██║██║░░██║░░░██║░░░██╔══██║██╔══╝░░██╔══██╗  ██║░░░░░██║░░██║░╚████╔╝░██╔══╝░░██╔══██╗  ██╔══██╗░░╚██╔╝░░\n\
	██║░╚═╝░██║╚█████╔╝░░░██║░░░██║░░██║███████╗██║░░██║  ███████╗╚█████╔╝░░╚██╔╝░░███████╗██║░░██║  ██████╦╝░░░██║░░░\n\
	╚═╝░░░░░╚═╝░╚════╝░░░░╚═╝░░░╚═╝░░╚═╝╚══════╝╚═╝░░╚═╝  ╚══════╝░╚════╝░░░░╚═╝░░░╚══════╝╚═╝░░╚═╝  ╚═════╝░░░░╚═╝░░░\n\
\n\
	██████╗░███████╗░█████╗░░█████╗░███████╗  ██████╗░██╗░░░██╗██╗░░██╗███████╗░██████╗\n\
	██╔══██╗██╔════╝██╔══██╗██╔══██╗██╔════╝  ██╔══██╗██║░░░██║██║░██╔╝██╔════╝██╔════╝\n\
	██████╔╝█████╗░░███████║██║░░╚═╝█████╗░░  ██║░░██║██║░░░██║█████═╝░█████╗░░╚█████╗░\n\
	██╔═══╝░██╔══╝░░██╔══██║██║░░██╗██╔══╝░░  ██║░░██║██║░░░██║██╔═██╗░██╔══╝░░░╚═══██╗\n\
	██║░░░░░███████╗██║░░██║╚█████╔╝███████╗  ██████╔╝╚██████╔╝██║░╚██╗███████╗██████╔╝\n\
	╚═╝░░░░░╚══════╝╚═╝░░╚═╝░╚════╝░╚══════╝  ╚═════╝░░╚═════╝░╚═╝░░╚═╝╚══════╝╚═════╝░\n\
		\033[0m"
mkdir -p objs objs/
 
c++ -g -std=c++17 -I headers -c srcs/main.cpp -o objs/main.o
echo "\033[0;32m.\033[0m\c"
c++ -g -std=c++17 -I headers -c srcs/RayTracing.cpp -o objs/RayTracing.o
echo "\033[0;32m.\033[0m\c"
c++ -g -std=c++17 -I headers -c srcs/Parser.cpp -o objs/Parser.o
echo "\033[0;32m.\033[0m\c"
c++ -g -std=c++17 -I headers -c srcs/Ambient.cpp -o objs/Ambient.o
echo "\033[0;32m.\033[0m\c"
c++ -g -std=c++17 -I headers -c srcs/Camera.cpp -o objs/Camera.o
echo "\033[0;32m.\033[0m\c"
c++ -g -std=c++17 -I headers -c srcs/AFigure.cpp -o objs/AFigure.o
echo "\033[0;32m.\033[0m\c"
c++ -g -std=c++17 -I headers -c srcs/Lightning.cpp -o objs/Lightning.o
echo "\033[0;32m.\033[0m\c"
c++ -g -std=c++17 -I headers -c srcs/Cone.cpp -o objs/Cone.o
echo "\033[0;32m.\033[0m\c"
c++ -g -std=c++17 -I headers -c srcs/Cylinder.cpp -o objs/Cylinder.o
echo "\033[0;32m.\033[0m\c"
c++ -g -std=c++17 -I headers -c srcs/Plane.cpp -o objs/Plane.o
echo "\033[0;32m.\033[0m\c"
c++ -g -std=c++17 -I headers -c srcs/Sphere.cpp -o objs/Sphere.o
echo "\033[0;32m.\033[0m\c"
c++ -g -std=c++17 -I headers -c srcs/Color.cpp -o objs/Color.o
echo "\033[0;32m.\033[0m\c"
echo "\033[0;32m\nObjects was created \033[0m"
c++ -g -std=c++17 -I headers objs/main.o objs/RayTracing.o objs/Parser.o objs/Ambient.o objs/Camera.o objs/AFigure.o objs/Lightning.o objs/Cone.o objs/Cylinder.o objs/Plane.o objs/Sphere.o objs/Color.o -o rt
echo "\033[0;32mSimply the best hard multi-d ray-tracing mother lover by peace dukes was compiled \033[0m"
make: Leaving directory `/Users/nercnom/Desktop/school21-main-/ray_tracing'
 
